#-----------------------------------------------------------
# Vivado v2020.2 (64-bit)
# SW Build 3064766 on Wed Nov 18 09:12:45 MST 2020
# IP Build 3064653 on Wed Nov 18 14:17:31 MST 2020
# Start of session at: Wed Mar 29 20:15:23 2023
# Process ID: 916
# Current directory: C:/Users/nikol/OneDrive/Desktop/Computer Architecture/RISC-V-Core-Pipeline
# Command line: vivado.exe -gui_launcher_event rodinguilauncherevent16604 C:\Users\nikol\OneDrive\Desktop\Computer Architecture\RISC-V-Core-Pipeline\RISC-V-Core-Pipeline.xpr
# Log file: C:/Users/nikol/OneDrive/Desktop/Computer Architecture/RISC-V-Core-Pipeline/vivado.log
# Journal file: C:/Users/nikol/OneDrive/Desktop/Computer Architecture/RISC-V-Core-Pipeline\vivado.jou
#-----------------------------------------------------------
start_gui
open_project {C:/Users/nikol/OneDrive/Desktop/Computer Architecture/RISC-V-Core-Pipeline/RISC-V-Core-Pipeline.xpr}
INFO: [Project 1-313] Project file moved from 'D:/EE4-2020/RISC-V-Core-Pipeline' since last save.
WARNING: [filemgmt 56-2] Default IP Output Path : Could not find the directory 'C:/Users/nikol/OneDrive/Desktop/Computer Architecture/RISC-V-Core-Pipeline/RISC-V-Core-Pipeline.gen/sources_1', nor could it be found using path 'D:/EE4-2020/RISC-V-Core-Pipeline/RISC-V-Core-Pipeline.gen/sources_1'.
Scanning sources...
Finished scanning sources
INFO: [IP_Flow 19-234] Refreshing IP repositories
INFO: [IP_Flow 19-1704] No user IP repositories specified
INFO: [IP_Flow 19-2313] Loaded Vivado IP repository 'C:/Xilinx/Vivado/2020.2/data/ip'.
open_project: Time (s): cpu = 00:00:14 ; elapsed = 00:00:06 . Memory (MB): peak = 1004.793 ; gain = 0.000
update_compile_order -fileset sources_1
